#
# There is insufficient memory for the Java Runtime Environment to continue.
# Native memory allocation (mmap) failed to map 264241152 bytes for G1 virtual space
# Possible reasons:
#   The system is out of physical RAM or swap space
#   The process is running with CompressedOops enabled, and the Java Heap may be blocking the growth of the native heap
# Possible solutions:
#   Reduce memory load on the system
#   Increase physical memory or swap space
#   Check if swap backing store is full
#   Decrease Java heap size (-Xmx/-Xms)
#   Decrease number of Java threads
#   Decrease Java thread stack sizes (-Xss)
#   Set larger code cache with -XX:ReservedCodeCacheSize=
#   JVM is running with Zero Based Compressed Oops mode in which the Java heap is
#     placed in the first 32GB address space. The Java Heap base address is the
#     maximum limit for the native heap growth. Please use -XX:HeapBaseMinAddress
#     to set the Java Heap base and to place the Java Heap above 32GB virtual address.
# This output file may be truncated or incomplete.
#
#  Out of Memory Error (os_windows.cpp:3469), pid=18256, tid=27956
#
# JRE version:  (17.0+35) (build )
# Java VM: OpenJDK 64-Bit Server VM (17+35-2724, mixed mode, sharing, tiered, compressed oops, compressed class ptrs, g1 gc, windows-amd64)
# No core dump will be written. Minidumps are not enabled by default on client versions of Windows
#

---------------  S U M M A R Y ------------

Command Line: -Dfile.encoding=UTF-8 -XX:+ShowCodeDetailsInExceptionMessages console.AcademyApp

Host: 12th Gen Intel(R) Core(TM) i7-12700, 20 cores, 15G,  Windows 10 , 64 bit Build 22621 (10.0.22621.2428)
Time: Mon Oct 23 18:12:34 2023  Windows 10 , 64 bit Build 22621 (10.0.22621.2428) elapsed time: 0.015638 seconds (0d 0h 0m 0s)

---------------  T H R E A D  ---------------

Current thread (0x00000200ee2c8b40):  JavaThread "Unknown thread" [_thread_in_vm, id=27956, stack(0x0000000bd4100000,0x0000000bd4200000)]

Stack: [0x0000000bd4100000,0x0000000bd4200000]
Native frames: (J=compiled Java code, j=interpreted, Vv=VM code, C=native code)
V  [jvm.dll+0x66f8ea]
V  [jvm.dll+0x7ce224]
V  [jvm.dll+0x7cf9ce]
V  [jvm.dll+0x7d0033]
V  [jvm.dll+0x242bb5]
V  [jvm.dll+0x66c909]
V  [jvm.dll+0x6613d2]
V  [jvm.dll+0x30082b]
V  [jvm.dll+0x307db6]
V  [jvm.dll+0x357a0e]
V  [jvm.dll+0x357c3f]
V  [jvm.dll+0x2d7ae8]
V  [jvm.dll+0x2d8a54]
V  [jvm.dll+0x7a00a1]
V  [jvm.dll+0x365781]
V  [jvm.dll+0x77f59c]
V  [jvm.dll+0x3e805f]
V  [jvm.dll+0x3e9b01]
C  [jli.dll+0x527b]
C  [ucrtbase.dll+0x29363]
C  [KERNEL32.DLL+0x1257d]
C  [ntdll.dll+0x5aa78]


---------------  P R O C E S S  ---------------

Threads class SMR info:
_java_thread_list=0x00007fff21807818, length=0, elements={
}

Java Threads: ( => current thread )

Other Threads:
  0x00000200ee31aff0 GCTaskThread "GC Thread#0" [stack: 0x0000000bd4200000,0x0000000bd4300000] [id=35224]
  0x00000200ee32c260 ConcurrentGCThread "G1 Main Marker" [stack: 0x0000000bd4300000,0x0000000bd4400000] [id=10548]
  0x00000200ee32cc70 ConcurrentGCThread "G1 Conc#0" [stack: 0x0000000bd4400000,0x0000000bd4500000] [id=31632]

[error occurred during error reporting (printing all threads), id 0xc0000005, EXCEPTION_ACCESS_VIOLATION (0xc0000005) at pc=0x00007fff210584c7]

VM state: not at safepoint (not fully initialized)

VM Mutex/Monitor currently owned by a thread:  ([mutex/lock_event])
[0x00000200ee2c5b00] Heap_lock - owner thread: 0x00000200ee2c8b40

Heap address: 0x0000000704600000, size: 4026 MB, Compressed Oops mode: Zero based, Oop shift amount: 3

CDS archive(s) mapped at: [0x0000000000000000-0x0000000000000000-0x0000000000000000), size 0, SharedBaseAddress: 0x0000000800000000, ArchiveRelocationMode: 0.
Narrow klass base: 0x0000000000000000, Narrow klass shift: 0, Narrow klass range: 0x0

GC Precious Log:
<Empty>

Heap:
 garbage-first heap   total 0K, used 0K [0x0000000704600000, 0x0000000800000000)
  region size 2048K, 0 young (0K), 0 survivors (0K)

[error occurred during error reporting (printing heap information), id 0xc0000005, EXCEPTION_ACCESS_VIOLATION (0xc0000005) at pc=0x00007fff21438c59]

GC Heap History (0 events):
No events

Deoptimization events (0 events):
No events

Classes unloaded (0 events):
No events

Classes redefined (0 events):
No events

Internal exceptions (0 events):
No events

VM Operations (0 events):
No events

Events (1 events):
Event: 0.011 Loaded shared library C:\Program Files\Java\jdk-17\bin\java.dll


Dynamic libraries:
0x00007ff618260000 - 0x00007ff61826e000 	C:\Program Files\Java\jdk-17\bin\javaw.exe
0x00007fff99310000 - 0x00007fff99527000 	C:\windows\SYSTEM32\ntdll.dll
0x00007fff97940000 - 0x00007fff97a04000 	C:\windows\System32\KERNEL32.DLL
0x00007fff96950000 - 0x00007fff96cf6000 	C:\windows\System32\KERNELBASE.dll
0x00007fff96f50000 - 0x00007fff97061000 	C:\windows\System32\ucrtbase.dll
0x00007fff79da0000 - 0x00007fff79db8000 	C:\Program Files\Java\jdk-17\bin\jli.dll
0x00007fff73910000 - 0x00007fff7392a000 	C:\Program Files\Java\jdk-17\bin\VCRUNTIME140.dll
0x00007fff97400000 - 0x00007fff975ad000 	C:\windows\System32\USER32.dll
0x00007fff96880000 - 0x00007fff968a6000 	C:\windows\System32\win32u.dll
0x00007fff97a90000 - 0x00007fff97ab9000 	C:\windows\System32\GDI32.dll
0x00007fff96d70000 - 0x00007fff96e88000 	C:\windows\System32\gdi32full.dll
0x00007fff968b0000 - 0x00007fff9694a000 	C:\windows\System32\msvcp_win.dll
0x00007fff75250000 - 0x00007fff754e3000 	C:\windows\WinSxS\amd64_microsoft.windows.common-controls_6595b64144ccf1df_6.0.22621.2361_none_2712ced57382f843\COMCTL32.dll
0x00007fff99220000 - 0x00007fff992c7000 	C:\windows\System32\msvcrt.dll
0x00007fff991e0000 - 0x00007fff99211000 	C:\windows\System32\IMM32.DLL
0x00007fff86e70000 - 0x00007fff86e7c000 	C:\Program Files\Java\jdk-17\bin\vcruntime140_1.dll
0x00007fff6f2c0000 - 0x00007fff6f34d000 	C:\Program Files\Java\jdk-17\bin\msvcp140.dll
0x00007fff20d70000 - 0x00007fff2192e000 	C:\Program Files\Java\jdk-17\bin\server\jvm.dll
0x00007fff982e0000 - 0x00007fff98390000 	C:\windows\System32\ADVAPI32.dll
0x00007fff99020000 - 0x00007fff990c6000 	C:\windows\System32\sechost.dll
0x00007fff98f00000 - 0x00007fff99017000 	C:\windows\System32\RPCRT4.dll
0x00007fff98400000 - 0x00007fff98408000 	C:\windows\System32\PSAPI.DLL
0x00007fff7d1e0000 - 0x00007fff7d1e9000 	C:\windows\SYSTEM32\WSOCK32.dll
0x00007fff85330000 - 0x00007fff85364000 	C:\windows\SYSTEM32\WINMM.dll
0x00007fff85480000 - 0x00007fff8548a000 	C:\windows\SYSTEM32\VERSION.dll
0x00007fff97a10000 - 0x00007fff97a81000 	C:\windows\System32\WS2_32.dll
0x00007fff956e0000 - 0x00007fff956f8000 	C:\windows\SYSTEM32\kernel.appcore.dll
0x00007fff8f320000 - 0x00007fff8f32a000 	C:\Program Files\Java\jdk-17\bin\jimage.dll
0x00007fff7d1f0000 - 0x00007fff7d41e000 	C:\windows\SYSTEM32\DBGHELP.DLL
0x00007fff975b0000 - 0x00007fff9793a000 	C:\windows\System32\combase.dll
0x00007fff97d80000 - 0x00007fff97e57000 	C:\windows\System32\OLEAUT32.dll
0x00007fff79fa0000 - 0x00007fff79fd2000 	C:\windows\SYSTEM32\dbgcore.DLL
0x00007fff96690000 - 0x00007fff9670a000 	C:\windows\System32\bcryptPrimitives.dll
0x00007fff86ef0000 - 0x00007fff86f15000 	C:\Program Files\Java\jdk-17\bin\java.dll

dbghelp: loaded successfully - version: 4.0.5 - missing functions: none
symbol engine: initialized successfully - sym options: 0x614 - pdb path: .;C:\Program Files\Java\jdk-17\bin;C:\windows\SYSTEM32;C:\windows\WinSxS\amd64_microsoft.windows.common-controls_6595b64144ccf1df_6.0.22621.2361_none_2712ced57382f843;C:\Program Files\Java\jdk-17\bin\server

VM Arguments:
jvm_args: -Dfile.encoding=UTF-8 -XX:+ShowCodeDetailsInExceptionMessages 
java_command: console.AcademyApp
java_class_path (initial): E:\Msh\workspace\Java\Folder\Project_Complete\bin
Launcher Type: SUN_STANDARD

[Global flags]
     intx CICompilerCount                          = 12                                        {product} {ergonomic}
     uint ConcGCThreads                            = 4                                         {product} {ergonomic}
     uint G1ConcRefinementThreads                  = 15                                        {product} {ergonomic}
   size_t G1HeapRegionSize                         = 2097152                                   {product} {ergonomic}
    uintx GCDrainStackTargetSize                   = 64                                        {product} {ergonomic}
   size_t InitialHeapSize                          = 264241152                                 {product} {ergonomic}
   size_t MarkStackSize                            = 4194304                                   {product} {ergonomic}
   size_t MaxHeapSize                              = 4221566976                                {product} {ergonomic}
   size_t MinHeapDeltaBytes                        = 2097152                                   {product} {ergonomic}
   size_t MinHeapSize                              = 8388608                                   {product} {ergonomic}
    uintx NonNMethodCodeHeapSize                   = 7602480                                {pd product} {ergonomic}
    uintx NonProfiledCodeHeapSize                  = 122027880                              {pd product} {ergonomic}
    uintx ProfiledCodeHeapSize                     = 122027880                              {pd product} {ergonomic}
    uintx ReservedCodeCacheSize                    = 251658240                              {pd product} {ergonomic}
     bool SegmentedCodeCache                       = true                                      {product} {ergonomic}
     bool ShowCodeDetailsInExceptionMessages       = true                                   {manageable} {command line}
   size_t SoftMaxHeapSize                          = 4221566976                             {manageable} {ergonomic}
     bool UseCompressedClassPointers               = true                           {product lp64_product} {ergonomic}
     bool UseCompressedOops                        = true                           {product lp64_product} {ergonomic}
     bool UseG1GC                                  = true                                      {product} {ergonomic}
     bool UseLargePagesIndividualAllocation        = false                                  {pd product} {ergonomic}

Logging:
Log output configuration:
 #0: stdout all=warning uptime,level,tags
 #1: stderr all=off uptime,level,tags

Environment Variables:
JAVA_HOME=C:\Program Files\Java\jdk-17
PATH=C:/Program Files/Java/jdk-17/bin/server;C:/Program Files/Java/jdk-17/bin;C:\app\user\product\18.0.0\dbhomeXE\bin;C:\windows\system32;C:\windows;C:\windows\System32\Wbem;C:\windows\System32\WindowsPowerShell\v1.0\;C:\windows\System32\OpenSSH\;C:\Program Files\Bandizip\;C:\Program Files\nodejs\;C:\Program Files\Java\jdk-17\bin;C:\Program Files\PuTTY\;C:\Users\user\AppData\Local\Microsoft\WindowsApps;;C:\Users\user\AppData\Local\Programs\Microsoft VS Code\bin;C:\Users\user\AppData\Roaming\npm;E:\Msh\Utility\eclipse-jee-2023-06-R-win32-x86_64\eclipse;
USERNAME=user
OS=Windows_NT
PROCESSOR_IDENTIFIER=Intel64 Family 6 Model 151 Stepping 2, GenuineIntel



---------------  S Y S T E M  ---------------

OS:
 Windows 10 , 64 bit Build 22621 (10.0.22621.2428)
OS uptime: 10 days 9:14 hours
Hyper-V role detected

CPU: total 20 (initial active 20) (10 cores per cpu, 2 threads per core) family 6 model 151 stepping 2 microcode 0x1e, cx8, cmov, fxsr, ht, mmx, 3dnowpref, sse, sse2, sse3, ssse3, sse4.1, sse4.2, popcnt, lzcnt, tsc, tscinvbit, avx, avx2, aes, erms, clmul, bmi1, bmi2, adx, sha, fma, vzeroupper, clflush, clflushopt, clwb, hv

Memory: 4k page, system-wide physical 16098M (7045M free)
TotalPageFile size 44466M (AvailPageFile size 160M)
current process WorkingSet (physical memory assigned to process): 11M, peak: 11M
current process commit charge ("private bytes"): 75M, peak: 326M

vm_info: OpenJDK 64-Bit Server VM (17+35-2724) for windows-amd64 JRE (17+35-2724), built on Aug  5 2021 23:26:02 by "mach5one" with MS VC++ 16.8 (VS2019)

END.
